<?xml version="1.0" encoding="UTF-8"?>
<!-- Generated by org.testng.reporters.JUnitReportReporter -->
<testsuite hostname="DESKTOP-CLA27S5" failures="0" tests="1" name="javaPackage.TestNG3" time="0.010" errors="0" timestamp="2024-06-18T15:02:43 IST" skipped="0">
  <testcase classname="javaPackage.TestNG3" name="a" time="0.010"/>
</testsuite> <!-- javaPackage.TestNG3 -->
