<?xml version="1.0" encoding="UTF-8"?>
<!-- Generated by org.testng.reporters.JUnitReportReporter -->
<testsuite hostname="DESKTOP-CLA27S5" failures="0" tests="2" name="javaPackage.testNG2" time="0.008" errors="0" timestamp="2024-06-04T15:17:30 IST" skipped="0">
  <testcase classname="javaPackage.testNG2" name="a2" time="0.004"/>
  <testcase classname="javaPackage.testNG2" name="a1" time="0.004"/>
</testsuite> <!-- javaPackage.testNG2 -->
