<?xml version="1.0" encoding="UTF-8"?>
<!-- Generated by org.testng.reporters.JUnitReportReporter -->
<testsuite hostname="DESKTOP-CLA27S5" failures="0" tests="1" name="javaPackage.DataProvider_Excel1" time="1.118" errors="0" timestamp="2024-08-01T21:29:28 IST" skipped="0">
  <testcase classname="javaPackage.DataProvider_Excel1" name="test" time="1.118"/>
</testsuite> <!-- javaPackage.DataProvider_Excel1 -->
