<?xml version="1.0" encoding="UTF-8"?>
<!-- Generated by org.testng.reporters.JUnitReportReporter -->
<testsuite hostname="DESKTOP-CLA27S5" failures="0" tests="2" name="javaPackage.testNG2" time="0.011" errors="0" timestamp="2024-08-10T18:48:02 IST" skipped="0">
  <testcase classname="javaPackage.testNG2" name="a2" time="0.003"/>
  <testcase classname="javaPackage.testNG2" name="a1" time="0.008"/>
</testsuite> <!-- javaPackage.testNG2 -->
