<?xml version="1.0" encoding="UTF-8"?>
<!-- Generated by org.testng.reporters.JUnitReportReporter -->
<testsuite hostname="DESKTOP-CLA27S5" failures="0" tests="3" name="javaPackage.TestNG4" time="12.682" errors="0" timestamp="2024-06-25T12:55:09 IST" skipped="0">
  <testcase classname="javaPackage.TestNG4" name="enterData" time="4.213"/>
  <testcase classname="javaPackage.TestNG4" name="enterData" time="4.227"/>
  <testcase classname="javaPackage.TestNG4" name="enterData" time="4.242"/>
</testsuite> <!-- javaPackage.TestNG4 -->
