<?xml version="1.0" encoding="UTF-8"?>
<!-- Generated by org.testng.reporters.JUnitReportReporter -->
<testsuite hostname="DESKTOP-CLA27S5" failures="0" tests="1" name="javaPackage.TestNG1" time="0.009" errors="0" timestamp="2024-07-22T19:37:52 IST" skipped="0">
  <testcase classname="javaPackage.TestNG1" name="a" time="0.009"/>
</testsuite> <!-- javaPackage.TestNG1 -->
