<?xml version="1.0" encoding="UTF-8"?>
<!-- Generated by org.testng.reporters.JUnitReportReporter -->
<testsuite hostname="DESKTOP-CLA27S5" failures="0" tests="1" name="testNG_FrameWork.DemoTest1" time="3.302" errors="0" timestamp="2024-07-22T19:56:06 IST" skipped="0">
  <testcase classname="testNG_FrameWork.DemoTest1" name="titlePage" time="3.302"/>
</testsuite> <!-- testNG_FrameWork.DemoTest1 -->
